app/build/intermediates/proguard-rules/debug/aapt_rules.txt
# Referenced at res\layout\click_menu.xml:9
# Referenced at res\layout\click_room.xml:9
# Referenced at res\layout\mainact.xml:47
-keep class android.support.v4.view.ViewPager { <init>(...); }

# Referenced at res\layout\abc_alert_dialog_material.xml:41
-keep class android.support.v4.widget.NestedScrollView { <init>(...); }

# Referenced at res\layout\abc_alert_dialog_button_bar_material.xml:43
# Referenced at res\layout\abc_alert_dialog_material.xml:52
# Referenced at res\layout\abc_alert_dialog_material.xml:66
# Referenced at res\layout\abc_alert_dialog_title_material.xml:56
-keep class android.support.v4.widget.Space { <init>(...); }

# Referenced at res\layout\abc_select_dialog_material.xml:23
-keep class android.support.v7.app.AlertController$RecycleListView { <init>(...); }

# Referenced at res\layout\abc_action_menu_item_layout.xml:17
-keep class android.support.v7.view.menu.ActionMenuItemView { <init>(...); }

# Referenced at res\layout\abc_expanded_menu_layout.xml:17
-keep class android.support.v7.view.menu.ExpandedMenuView { <init>(...); }

# Referenced at res\layout\abc_list_menu_item_layout.xml:17
# Referenced at res\layout\abc_popup_menu_item_layout.xml:17
-keep class android.support.v7.view.menu.ListMenuItemView { <init>(...); }

# Referenced at res\layout\abc_screen_toolbar.xml:27
-keep class android.support.v7.widget.ActionBarContainer { <init>(...); }

# Referenced at res\layout\abc_action_mode_bar.xml:19
# Referenced at res\layout\abc_screen_toolbar.xml:43
-keep class android.support.v7.widget.ActionBarContextView { <init>(...); }

# Referenced at res\layout\abc_screen_toolbar.xml:17
-keep class android.support.v7.widget.ActionBarOverlayLayout { <init>(...); }

# Referenced at res\layout\abc_action_menu_layout.xml:17
-keep class android.support.v7.widget.ActionMenuView { <init>(...); }

# Referenced at res\layout\abc_activity_chooser_view.xml:19
-keep class android.support.v7.widget.ActivityChooserView$InnerLayout { <init>(...); }

# Referenced at res\layout\abc_alert_dialog_material.xml:18
-keep class android.support.v7.widget.AlertDialogLayout { <init>(...); }

# Referenced at res\layout\abc_alert_dialog_button_bar_material.xml:26
-keep class android.support.v7.widget.ButtonBarLayout { <init>(...); }

# Referenced at res\layout\abc_screen_content_include.xml:19
-keep class android.support.v7.widget.ContentFrameLayout { <init>(...); }

# Referenced at res\layout\abc_alert_dialog_title_material.xml:45
-keep class android.support.v7.widget.DialogTitle { <init>(...); }

# Referenced at res\layout\abc_screen_simple_overlay_action_mode.xml:23
-keep class android.support.v7.widget.FitWindowsFrameLayout { <init>(...); }

# Referenced at res\layout\abc_dialog_title_material.xml:22
# Referenced at res\layout\abc_screen_simple.xml:17
-keep class android.support.v7.widget.FitWindowsLinearLayout { <init>(...); }

# Referenced at res\layout\abc_search_view.xml:75
-keep class android.support.v7.widget.SearchView$SearchAutoComplete { <init>(...); }

# Referenced at res\layout\abc_screen_toolbar.xml:36
-keep class android.support.v7.widget.Toolbar { <init>(...); }

# Referenced at res\layout\abc_screen_simple.xml:25
# Referenced at res\layout\abc_screen_simple_overlay_action_mode.xml:32
-keep class android.support.v7.widget.ViewStubCompat { <init>(...); }

# Referenced at full\debug\AndroidManifest.xml:84
-keep class com.google.android.gms.common.api.GoogleApiActivity { <init>(...); }

# Referenced at res\layout\mapsearch_page.xml:51
-keep class com.google.android.gms.maps.MapFragment { <init>(...); }

# Referenced at res\layout\activity_map_list_.xml:1
-keep class com.google.android.gms.maps.SupportMapFragment { <init>(...); }

# Referenced at full\debug\AndroidManifest.xml:46
-keep class kangwon.JK.Lee.cafe.Main.Logo_activity { <init>(...); }

# Referenced at full\debug\AndroidManifest.xml:53
-keep class kangwon.JK.Lee.cafe.Main.MainAct { <init>(...); }

# Referenced at full\debug\AndroidManifest.xml:74
-keep class kangwon.JK.Lee.cafe.Main.QnA { <init>(...); }

# Referenced at full\debug\AndroidManifest.xml:63
-keep class kangwon.JK.Lee.cafe.bookmark.Bookmark { <init>(...); }

# Referenced at full\debug\AndroidManifest.xml:54
-keep class kangwon.JK.Lee.cafe.condition.Condition_Search { <init>(...); }

# Referenced at full\debug\AndroidManifest.xml:62
-keep class kangwon.JK.Lee.cafe.condition.result.Result_Search { <init>(...); }

# Referenced at full\debug\AndroidManifest.xml:58
-keep class kangwon.JK.Lee.cafe.expain.Explain_Activity { <init>(...); }

# Referenced at full\debug\AndroidManifest.xml:78
-keep class kangwon.JK.Lee.cafe.expain.Menu.Click_Menu_Activity { <init>(...); }

# Referenced at full\debug\AndroidManifest.xml:81
-keep class kangwon.JK.Lee.cafe.expain.Reply.Update_Reply { <init>(...); }

# Referenced at full\debug\AndroidManifest.xml:75
-keep class kangwon.JK.Lee.cafe.expain.Room.Click_Room_Activity { <init>(...); }

# Referenced at full\debug\AndroidManifest.xml:71
-keep class kangwon.JK.Lee.cafe.expain.View_Map { <init>(...); }

# Referenced at full\debug\AndroidManifest.xml:60
-keep class kangwon.JK.Lee.cafe.map.Background_LocationSV { <init>(...); }

# Referenced at full\debug\AndroidManifest.xml:57
-keep class kangwon.JK.Lee.cafe.map.MapSearch_Activity { <init>(...); }