app/build/outputs/mapping/release/seeds.txt
kangwon.JK.Lee.cafe.Main.Logo_activity
kangwon.JK.Lee.cafe.Main.Logo_activity: Logo_activity()
kangwon.JK.Lee.cafe.Main.MainAct
kangwon.JK.Lee.cafe.Main.MainAct: MainAct()
kangwon.JK.Lee.cafe.Main.QnA
kangwon.JK.Lee.cafe.Main.QnA: QnA()
kangwon.JK.Lee.cafe.R$anim: int abc_fade_in
kangwon.JK.Lee.cafe.R$anim: int abc_fade_out
kangwon.JK.Lee.cafe.R$anim: int abc_grow_fade_in_from_bottom
kangwon.JK.Lee.cafe.R$anim: int abc_popup_enter
kangwon.JK.Lee.cafe.R$anim: int abc_popup_exit
kangwon.JK.Lee.cafe.R$anim: int abc_shrink_fade_out_from_bottom
kangwon.JK.Lee.cafe.R$anim: int abc_slide_in_bottom
kangwon.JK.Lee.cafe.R$anim: int abc_slide_in_top
kangwon.JK.Lee.cafe.R$anim: int abc_slide_out_bottom
kangwon.JK.Lee.cafe.R$anim: int abc_slide_out_top
kangwon.JK.Lee.cafe.R$attr: int actionBarDivider
kangwon.JK.Lee.cafe.R$attr: int actionBarItemBackground
kangwon.JK.Lee.cafe.R$attr: int actionBarPopupTheme
kangwon.JK.Lee.cafe.R$attr: int actionBarSize
kangwon.JK.Lee.cafe.R$attr: int actionBarSplitStyle
kangwon.JK.Lee.cafe.R$attr: int actionBarStyle
kangwon.JK.Lee.cafe.R$attr: int actionBarTabBarStyle
kangwon.JK.Lee.cafe.R$attr: int actionBarTabStyle
kangwon.JK.Lee.cafe.R$attr: int actionBarTabTextStyle
kangwon.JK.Lee.cafe.R$attr: int actionBarTheme
kangwon.JK.Lee.cafe.R$attr: int actionBarWidgetTheme
kangwon.JK.Lee.cafe.R$attr: int actionButtonStyle
kangwon.JK.Lee.cafe.R$attr: int actionDropDownStyle
kangwon.JK.Lee.cafe.R$attr: int actionLayout
kangwon.JK.Lee.cafe.R$attr: int actionMenuTextAppearance
kangwon.JK.Lee.cafe.R$attr: int actionMenuTextColor
kangwon.JK.Lee.cafe.R$attr: int actionModeBackground
kangwon.JK.Lee.cafe.R$attr: int actionModeCloseButtonStyle
kangwon.JK.Lee.cafe.R$attr: int actionModeCloseDrawable
kangwon.JK.Lee.cafe.R$attr: int actionModeCopyDrawable
kangwon.JK.Lee.cafe.R$attr: int actionModeCutDrawable
kangwon.JK.Lee.cafe.R$attr: int actionModeFindDrawable
kangwon.JK.Lee.cafe.R$attr: int actionModePasteDrawable
kangwon.JK.Lee.cafe.R$attr: int actionModePopupWindowStyle
kangwon.JK.Lee.cafe.R$attr: int actionModeSelectAllDrawable
kangwon.JK.Lee.cafe.R$attr: int actionModeShareDrawable
kangwon.JK.Lee.cafe.R$attr: int actionModeSplitBackground
kangwon.JK.Lee.cafe.R$attr: int actionModeStyle
kangwon.JK.Lee.cafe.R$bool: int abc_action_bar_embed_tabs
kangwon.JK.Lee.cafe.R$bool: int abc_allow_stacked_button_bar
kangwon.JK.Lee.cafe.R$bool: int abc_config_actionMenuItemAllCaps
kangwon.JK.Lee.cafe.R$bool: int abc_config_closeDialogWhenTouchOutside
kangwon.JK.Lee.cafe.R$bool: int abc_config_showMenuShortcutsWhenKeyboardPresent
...
android.support.graphics.drawable.VectorDrawableCompat$VectorDrawableCompatState: int getChangingConfigurations()
android.support.graphics.drawable.VectorDrawableCompat$VectorDrawableDelegateState: int getChangingConfigurations()
android.support.v4.app.BackStackState: android.os.Parcelable$Creator CREATOR
android.support.v4.app.BaseFragmentActivityGingerbread: BaseFragmentActivityGingerbread()
android.support.v4.app.BaseFragmentActivityHoneycomb: BaseFragmentActivityHoneycomb()
android.support.v4.app.BaseFragmentActivityJB: BaseFragmentActivityJB()
android.support.v4.app.Fragment: Fragment()
android.support.v4.app.Fragment$SavedState: android.os.Parcelable$Creator CREATOR
android.support.v4.app.FragmentActivity: FragmentActivity()
android.support.v4.app.FragmentManagerState: android.os.Parcelable$Creator CREATOR
android.support.v4.app.FragmentState: android.os.Parcelable$Creator CREATOR
android.support.v4.app.FragmentTabHost: void setOnTabChangedListener(android.widget.TabHost$OnTabChangeListener)
android.support.v4.app.FragmentTabHost$SavedState: android.os.Parcelable$Creator CREATOR
android.support.v4.app.SupportActivity: SupportActivity()
android.support.v4.content.ModernAsyncTask$Status: android.support.v4.content.ModernAsyncTask$Status[] values()
android.support.v4.content.ModernAsyncTask$Status: android.support.v4.content.ModernAsyncTask$Status valueOf(java.lang.String)
android.support.v4.media.MediaBrowserCompat$MediaItem: android.os.Parcelable$Creator CREATOR
android.support.v4.media.MediaDescriptionCompat: android.os.Parcelable$Creator CREATOR
android.support.v4.media.MediaMetadataCompat: android.os.Parcelable$Creator CREATOR
android.support.v4.media.RatingCompat: android.os.Parcelable$Creator CREATOR
android.support.v4.media.session.MediaSessionCompat$QueueItem: android.os.Parcelable$Creator CREATOR
android.support.v4.media.session.MediaSessionCompat$ResultReceiverWrapper: android.os.Parcelable$Creator CREATOR
android.support.v4.media.session.MediaSessionCompat$Token: android.os.Parcelable$Creator CREATOR
android.support.v4.media.session.ParcelableVolumeInfo: android.os.Parcelable$Creator CREATOR
android.support.v4.media.session.PlaybackStateCompat: android.os.Parcelable$Creator CREATOR
android.support.v4.media.session.PlaybackStateCompat$CustomAction: android.os.Parcelable$Creator CREATOR
android.support.v4.os.ResultReceiver: android.os.Parcelable$Creator CREATOR
android.support.v4.view.AbsSavedState: android.os.Parcelable$Creator CREATOR
android.support.v4.view.PagerTabStrip: void setTabIndicatorColor(int)
android.support.v4.view.PagerTabStrip: void setTabIndicatorColorResource(int)
android.support.v4.view.PagerTabStrip: int getTabIndicatorColor()
android.support.v4.view.PagerTabStrip: void setTextSpacing(int)
android.support.v4.view.PagerTabStrip: void setBackgroundDrawable(android.graphics.drawable.Drawable)
android.support.v4.view.PagerTabStrip: void setBackgroundColor(int)
android.support.v4.view.PagerTabStrip: void setBackgroundResource(int)
android.support.v4.view.PagerTabStrip: void setDrawFullUnderline(boolean)
android.support.v4.view.PagerTabStrip: boolean getDrawFullUnderline()
android.support.v4.view.PagerTabStrip: int getMinHeight()
android.support.v4.view.PagerTitleStrip: void setSingleLineAllCaps(android.widget.TextView)
android.support.v4.view.PagerTitleStrip: void setTextSpacing(int)
android.support.v4.view.PagerTitleStrip: int getTextSpacing()
android.support.v4.view.PagerTitleStrip: void setNonPrimaryAlpha(float)
android.support.v4.view.PagerTitleStrip: void setTextColor(int)
android.support.v4.view.PagerTitleStrip: void setGravity(int)
android.support.v4.view.PagerTitleStrip: int getMinHeight()