app/build/outputs/mapping/release/mapping.txt
kangwon.JK.Lee.cafe.Main.Logo_activity -> kangwon.JK.Lee.cafe.Main.Logo_activity:
    java.lang.String deviceVersion -> n
    java.lang.String storeVersion -> o
    android.content.Intent intent -> p
    kangwon.JK.Lee.cafe.Main.Logo_activity$BackgroundThread mBackgroundThread -> q
    kangwon.JK.Lee.cafe.Main.Logo_activity$DeviceVersionCheckHandler deviceVersionCheckHandler -> r
    18:56:void <init>() -> <init>
    26:35:void onCreate(android.os.Bundle) -> onCreate
    83:93:void onActivityResult(int,int,android.content.Intent) -> onActivityResult
    97:142:void handleMessage(android.os.Message) -> a
    18:18:kangwon.JK.Lee.cafe.Main.Logo_activity$DeviceVersionCheckHandler access$000(kangwon.JK.Lee.cafe.Main.Logo_activity) -> a
    18:18:void access$100(kangwon.JK.Lee.cafe.Main.Logo_activity,android.os.Message) -> a
kangwon.JK.Lee.cafe.Main.Logo_activity$1 -> kangwon.JK.Lee.cafe.Main.Logo_activity$1:
    kangwon.JK.Lee.cafe.Main.Logo_activity this$0 -> a
    108:108:void <init>(kangwon.JK.Lee.cafe.Main.Logo_activity) -> <init>
    111:115:void onClick(android.content.DialogInterface,int) -> onClick
kangwon.JK.Lee.cafe.Main.Logo_activity$2 -> kangwon.JK.Lee.cafe.Main.Logo_activity$2:
    kangwon.JK.Lee.cafe.Main.Logo_activity this$0 -> a
    117:117:void <init>(kangwon.JK.Lee.cafe.Main.Logo_activity) -> <init>
    120:127:void onClick(android.content.DialogInterface,int) -> onClick
kangwon.JK.Lee.cafe.Main.Logo_activity$BackgroundThread -> kangwon.JK.Lee.cafe.Main.Logo_activity$a:
    kangwon.JK.Lee.cafe.Main.Logo_activity this$0 -> a
    38:38:void <init>(kangwon.JK.Lee.cafe.Main.Logo_activity) -> <init>
    43:53:void run() -> run
kangwon.JK.Lee.cafe.Main.Logo_activity$DeviceVersionCheckHandler -> kangwon.JK.Lee.cafe.Main.Logo_activity$b:
    java.lang.ref.WeakReference mainActivityWeakReference -> a
    62:64:void <init>(kangwon.JK.Lee.cafe.Main.Logo_activity) -> <init>
    68:78:void handleMessage(android.os.Message) -> handleMessage
kangwon.JK.Lee.cafe.Main.MainAct -> kangwon.JK.Lee.cafe.Main.MainAct:
    android.graphics.Typeface tf -> q
    java.lang.String TAG -> r
    java.net.URL url -> s
    java.util.ArrayList mArrayList -> n
    java.lang.String mJsonString -> t
    android.widget.Button text_search -> u
    android.widget.Button map_search -> v
    android.widget.Button book -> w
    android.widget.Button quest -> x
    android.support.v4.view.ViewPager viewPager -> y
    java.lang.String[] name -> z
    android.widget.TextView search -> A
    android.widget.TextView map -> B
    android.widget.TextView bookmark -> C
    android.widget.TextView comment -> D
    kangwon.JK.Lee.cafe.bookmark.Bookmark_Adapter adapter -> o
    android.app.ProgressDialog dialog -> p
    boolean check_first -> E
    kangwon.JK.Lee.cafe.Main.MainAct$TimeThread timeThread -> F
    47:66:void <init>() -> <init>
    71:79:void onCreate(android.os.Bundle) -> onCreate
    83:84:void onStop() -> onStop
    89:108:void set_id() -> j
    115:157:void set_Listener() -> k
    164:179:void onBackPressed() -> onBackPressed
    184:199:void setpref_bookmark(android.content.Context,java.lang.String,java.util.ArrayList) -> a
    202:219:void getpref_bookmark(android.content.Context,java.lang.String) -> a
    294:296:void onPause() -> onPause
    330:354:void set_rand() -> l
    47:47:kangwon.JK.Lee.cafe.Main.MainAct$TimeThread access$002(kangwon.JK.Lee.cafe.Main.MainAct,kangwon.JK.Lee.cafe.Main.MainAct$TimeThread) -> a
kangwon.JK.Lee.cafe.Main.MainAct$1 -> kangwon.JK.Lee.cafe.Main.MainAct$1:
    kangwon.JK.Lee.cafe.Main.MainAct this$0 -> a
    117:117:void <init>(kangwon.JK.Lee.cafe.Main.MainAct) -> <init>
    120:129:void onClick(android.view.View) -> onClick
kangwon.JK.Lee.cafe.Main.MainAct$2 -> kangwon.JK.Lee.cafe.Main.MainAct$2:
    kangwon.JK.Lee.cafe.Main.MainAct this$0 -> a
    131:131:void <init>(kangwon.JK.Lee.cafe.Main.MainAct) -> <init>
    134:136:void onClick(android.view.View) -> onClick
...
com.google.android.gms.internal.zzaaj$zze -> com.google.android.gms.b.h$e:
    com.google.android.gms.internal.zzaaj zzaAa -> a
    void <init>(com.google.android.gms.internal.zzaaj) -> <init>
    void onConnected(android.os.Bundle) -> a
    void onConnectionSuspended(int) -> a
    void onConnectionFailed(com.google.android.gms.common.ConnectionResult) -> a
    void <init>(com.google.android.gms.internal.zzaaj,com.google.android.gms.internal.zzaaj$1) -> <init>
com.google.android.gms.internal.zzaaj$zzf -> com.google.android.gms.b.h$f:
    com.google.android.gms.internal.zzaaj zzaAa -> b
    void <init>(com.google.android.gms.internal.zzaaj) -> <init>
    void run() -> run
    void zzvA() -> a
    void <init>(com.google.android.gms.internal.zzaaj,com.google.android.gms.internal.zzaaj$1) -> <init>
com.google.android.gms.internal.zzaak -> com.google.android.gms.b.i:
    com.google.android.gms.internal.zzaan zzazK -> a
    void <init>(com.google.android.gms.internal.zzaan) -> <init>
    void begin() -> a
    com.google.android.gms.internal.zzzv$zza zzb(com.google.android.gms.internal.zzzv$zza) -> a
    boolean disconnect() -> b
    void connect() -> c
    void onConnected(android.os.Bundle) -> a
    void zza(com.google.android.gms.common.ConnectionResult,com.google.android.gms.common.api.Api,int) -> a
    void onConnectionSuspended(int) -> a
com.google.android.gms.internal.zzaal -> com.google.android.gms.b.j:
    java.util.concurrent.locks.Lock zzazn -> j
    boolean zzayb -> k
    com.google.android.gms.common.internal.zzm zzaAj -> l
    com.google.android.gms.internal.zzaau zzaAk -> m
    int zzaxV -> n
    android.content.Context mContext -> o
    android.os.Looper zzrx -> p
    java.util.Queue zzaAl -> a
    boolean zzaAm -> q
    long zzaAn -> r
    long zzaAo -> s
    com.google.android.gms.internal.zzaal$zza zzaAp -> t
    com.google.android.gms.common.GoogleApiAvailability zzaxX -> u
    com.google.android.gms.internal.zzaar zzaAq -> b
    java.util.Map zzaAr -> c
    java.util.Set zzaAs -> d
    com.google.android.gms.common.internal.zzg zzazs -> e
    java.util.Map zzazu -> f
    com.google.android.gms.common.api.Api$zza zzaxY -> g
    com.google.android.gms.internal.zzaba zzaAt -> v
    java.util.ArrayList zzaAu -> w
    java.lang.Integer zzaAv -> x
    java.util.Set zzaAw -> h
    com.google.android.gms.internal.zzabq zzaAx -> i
    com.google.android.gms.common.internal.zzm$zza zzaAy -> y
    void <init>(android.content.Context,java.util.concurrent.locks.Lock,android.os.Looper,com.google.android.gms.common.internal.zzg,com.google.android.gms.common.GoogleApiAvailability,com.google.android.gms.common.api.Api$zza,java.util.Map,java.util.List,java.util.List,java.util.Map,int,int,java.util.ArrayList,boolean) -> <init>
com.google.android.gms.internal.zzaal$1 -> com.google.android.gms.b.j$1:
    com.google.android.gms.internal.zzaal zzaAz -> a
    void <init>(com.google.android.gms.internal.zzaal) -> <init>
    boolean isConnected() -> b
    android.os.Bundle zzud() -> s
com.google.android.gms.internal.zzaal$zza -> com.google.android.gms.b.j$a:
    com.google.android.gms.internal.zzaal zzaAz -> a
    void <init>(com.google.android.gms.internal.zzaal,android.os.Looper) -> <init>
    void handleMessage(android.os.Message) -> handleMessage
com.google.android.gms.internal.zzaal$zzb -> com.google.android.gms.b.j$b:
    java.lang.ref.WeakReference zzaAD -> a
    void <init>(com.google.android.gms.internal.zzaal) -> <init>
    void zzvb() -> a
com.google.android.gms.internal.zzaam -> com.google.android.gms.b.k:
    void begin() -> a
    com.google.android.gms.internal.zzzv$zza zzb(com.google.android.gms.internal.zzzv$zza) -> a
    boolean disconnect() -> b
    void connect() -> c
    void onConnected(android.os.Bundle) -> a
    void zza(com.google.android.gms.common.ConnectionResult,com.google.android.gms.common.api.Api,int) -> a
    void onConnectionSuspended(int) -> a