app/build/outputs/mapping/release/usage.txt
kangwon.JK.Lee.cafe.BuildConfig
kangwon.JK.Lee.cafe.Main.MainAct:
    private static final java.lang.String TAG_JSON
    private static final java.lang.String TAG_NAME
    private static final int COUNT
kangwon.JK.Lee.cafe.Main.MarketVersionChecker:
    20:20:public MarketVersionChecker()
    41:79:public static java.lang.String getMarketVersionFast(java.lang.String)
kangwon.JK.Lee.cafe.Main.QnA:
    private android.widget.TextView admin
kangwon.JK.Lee.cafe.R
kangwon.JK.Lee.cafe.R$anim
kangwon.JK.Lee.cafe.R$attr
kangwon.JK.Lee.cafe.R$bool
kangwon.JK.Lee.cafe.R$color
kangwon.JK.Lee.cafe.R$dimen
kangwon.JK.Lee.cafe.R$drawable
kangwon.JK.Lee.cafe.R$id
kangwon.JK.Lee.cafe.R$integer
kangwon.JK.Lee.cafe.R$layout
kangwon.JK.Lee.cafe.R$mipmap
kangwon.JK.Lee.cafe.R$string
kangwon.JK.Lee.cafe.R$style
kangwon.JK.Lee.cafe.R$styleable
kangwon.JK.Lee.cafe.bookmark.Bookmark_Adapter:
    78:78:public java.lang.String get_title()
kangwon.JK.Lee.cafe.condition.result.Result_Search:
    private static final java.lang.String TAG_JSON
    private static final java.lang.String TAG_NAME
    private static final java.lang.String TAG_LOACTION
    private static final java.lang.String TAG_TIME
    private static final java.lang.String TAG_STATE
kangwon.JK.Lee.cafe.expain.Detail.Detail_Fragment:
    private static final java.lang.String TAG_JSON
    private static final java.lang.String TAG_NAME
    private static final java.lang.String TAG_LOACTION
    private static final java.lang.String TAG_TIME
    private static final java.lang.String TAG_STUDY
    private static final java.lang.String TAG_SMOKE
    private static final java.lang.String TAG_TEL
    private static final java.lang.String TAG_COMMENT
kangwon.JK.Lee.cafe.expain.Explain_Activity:
    private android.widget.Button regit
    private android.widget.EditText nick
    private android.widget.EditText rp
    private android.widget.ListView listView
    private kangwon.JK.Lee.cafe.expain.Reply.Reply_Adapter reply_adapter
kangwon.JK.Lee.cafe.expain.Menu.Click_Menu_Activity:
    private static android.support.v4.view.ViewPager viewPager
    private int heigh
    private int width
kangwon.JK.Lee.cafe.expain.Menu.Menu_Fragment:
    android.support.v4.view.ViewPager viewPager
kangwon.JK.Lee.cafe.expain.Room.Click_Room_Activity:
    private static android.support.v4.view.ViewPager viewPager
    private int heigh
    private int width
kangwon.JK.Lee.cafe.expain.Room.Room_Fragment:
    android.support.v4.view.ViewPager viewPager
kangwon.JK.Lee.cafe.expain.View_Map:
    private static final java.lang.String TAG_JSON
    private static final java.lang.String TAG_LATLNG
kangwon.JK.Lee.cafe.map.Background_LocationSV:
    private static final java.lang.String LOGSERVICE
kangwon.JK.Lee.cafe.map.MapSearch_Activity:
    private static final int GPS_ENABLE_REQUEST_CODE
    private static final int PERMISSIONS_REQUEST_ACCESS_FINE_LOCATION
    private static final java.lang.String TAG_NAME
    private static final java.lang.String TAG_MAP
    private static final java.lang.String TAG_JSON
    569:570:public void remove_Receiver()
...
android.support.v4.view.ViewGroupCompat$ViewGroupCompatLollipopImpl
android.support.v4.view.ViewGroupCompat$ViewGroupCompatStubImpl
android.support.v4.view.ViewGroupCompatHC
android.support.v4.view.ViewGroupCompatIcs
android.support.v4.view.ViewGroupCompatJellybeanMR2
android.support.v4.view.ViewGroupCompatLollipop
android.support.v4.view.ViewPager:
    private static final java.lang.String TAG
    private static final boolean DEBUG
    private static final boolean USE_CACHE
    private static final int DEFAULT_OFFSCREEN_PAGES
    private static final int MAX_SETTLE_DURATION
    private static final int MIN_DISTANCE_FOR_FLING
    private static final int DEFAULT_GUTTER_SIZE
    private static final int MIN_FLING_VELOCITY
    private static final int INVALID_POINTER
    private static final int CLOSE_ENOUGH
    private long mFakeDragBeginTime
    private static final int DRAW_ORDER_DEFAULT
    private static final int DRAW_ORDER_FORWARD
    private static final int DRAW_ORDER_REVERSE
    public static final int SCROLL_STATE_IDLE
    public static final int SCROLL_STATE_DRAGGING
    public static final int SCROLL_STATE_SETTLING
    580:584:public void addOnAdapterChangeListener(android.support.v4.view.ViewPager$OnAdapterChangeListener)
    593:596:public void removeOnAdapterChangeListener(android.support.v4.view.ViewPager$OnAdapterChangeListener)
    722:726:public void addOnPageChangeListener(android.support.v4.view.ViewPager$OnPageChangeListener)
    735:738:public void removeOnPageChangeListener(android.support.v4.view.ViewPager$OnPageChangeListener)
    744:747:public void clearOnPageChangeListeners()
    769:770:public void setPageTransformer(boolean,android.support.v4.view.ViewPager$PageTransformer)
android.support.v4.view.ViewPager$SimpleOnPageChangeListener
android.support.v4.view.ViewParentCompat:
    218:218:private ViewParentCompat()
    239:239:public static boolean requestSendAccessibilityEvent(android.view.ViewParent,android.view.View,android.view.accessibility.AccessibilityEvent)
    422:423:public static void notifySubtreeAccessibilityStateChanged(android.view.ViewParent,android.view.View,android.view.View,int)
android.support.v4.view.ViewParentCompat$ViewParentCompatICSImpl:
    140:140:public boolean requestSendAccessibilityEvent(android.view.ViewParent,android.view.View,android.view.accessibility.AccessibilityEvent)
android.support.v4.view.ViewParentCompat$ViewParentCompatImpl:
    public abstract boolean requestSendAccessibilityEvent(android.view.ViewParent,android.view.View,android.view.accessibility.AccessibilityEvent)
    public abstract void notifySubtreeAccessibilityStateChanged(android.view.ViewParent,android.view.View,android.view.View,int)
android.support.v4.view.ViewParentCompat$ViewParentCompatKitKatImpl:
    149:151:public void notifySubtreeAccessibilityStateChanged(android.view.ViewParent,android.view.View,android.view.View,int)
android.support.v4.view.ViewParentCompat$ViewParentCompatStubImpl:
    58:64:public boolean requestSendAccessibilityEvent(android.view.ViewParent,android.view.View,android.view.accessibility.AccessibilityEvent)
    133:133:public void notifySubtreeAccessibilityStateChanged(android.view.ViewParent,android.view.View,android.view.View,int)
android.support.v4.view.ViewParentCompatICS
android.support.v4.view.ViewParentCompatKitKat
android.support.v4.view.ViewParentCompatLollipop:
    private static final java.lang.String TAG
    28:28:ViewParentCompatLollipop()